arch: pointnet
batch_size: 32
calc_scores: softmax
dropout: 0.5
epochs: 350
eval: False
exp_name: pointnet_paconv_train
k_neighbors: 30
lr: 0.1
manual_seed: 0
momentum: 0.9
no_cuda: False
num_matrices: [8, 8, 8]
num_points: 100
pt_norm: False
test_batch_size: 16
workers: 6
Using GPU
PAConv(
  (scorenet2): ScoreNet(
    (mlp_convs_hidden): ModuleList(
      (0): Conv2d(6, 16, kernel_size=(1, 1), stride=(1, 1), bias=False)
      (1): Conv2d(16, 8, kernel_size=(1, 1), stride=(1, 1))
    )
    (mlp_bns_hidden): ModuleList(
      (0): BatchNorm2d(16, eps=1e-05, momentum=0.1, affine=True, track_running_stats=True)
      (1): BatchNorm2d(8, eps=1e-05, momentum=0.1, affine=True, track_running_stats=True)
    )
  )
  (scorenet3): ScoreNet(
    (mlp_convs_hidden): ModuleList(
      (0): Conv2d(6, 16, kernel_size=(1, 1), stride=(1, 1), bias=False)
      (1): Conv2d(16, 8, kernel_size=(1, 1), stride=(1, 1))
    )
    (mlp_bns_hidden): ModuleList(
      (0): BatchNorm2d(16, eps=1e-05, momentum=0.1, affine=True, track_running_stats=True)
      (1): BatchNorm2d(8, eps=1e-05, momentum=0.1, affine=True, track_running_stats=True)
    )
  )
  (scorenet4): ScoreNet(
    (mlp_convs_hidden): ModuleList(
      (0): Conv2d(6, 16, kernel_size=(1, 1), stride=(1, 1), bias=False)
      (1): Conv2d(16, 8, kernel_size=(1, 1), stride=(1, 1))
    )
    (mlp_bns_hidden): ModuleList(
      (0): BatchNorm2d(16, eps=1e-05, momentum=0.1, affine=True, track_running_stats=True)
      (1): BatchNorm2d(8, eps=1e-05, momentum=0.1, affine=True, track_running_stats=True)
    )
  )
  (bn1): BatchNorm1d(64, eps=1e-05, momentum=0.1, affine=True, track_running_stats=True)
  (bn2): BatchNorm1d(64, eps=1e-05, momentum=0.1, affine=True, track_running_stats=True)
  (bn3): BatchNorm1d(64, eps=1e-05, momentum=0.1, affine=True, track_running_stats=True)
  (bn4): BatchNorm1d(128, eps=1e-05, momentum=0.1, affine=True, track_running_stats=True)
  (bn5): BatchNorm1d(1024, eps=1e-05, momentum=0.1, affine=True, track_running_stats=True)
  (conv1): Conv1d(3, 64, kernel_size=(1,), stride=(1,), bias=False)
  (conv5): Conv1d(128, 1024, kernel_size=(1,), stride=(1,), bias=False)
  (linear1): Linear(in_features=1024, out_features=512, bias=False)
  (bn6): BatchNorm1d(512, eps=1e-05, momentum=0.1, affine=True, track_running_stats=True)
  (dp1): Dropout(p=0.5, inplace=False)
  (linear2): Linear(in_features=512, out_features=40, bias=True)
)
Train 0, loss: 3.501451, train acc: 0.255802, 
Test 0, loss: 2.713022, test acc: 0.367909,
Max Acc:0.367909
Train 1, loss: 2.743483, train acc: 0.420195, 
Test 1, loss: 2.358636, test acc: 0.535251,
Max Acc:0.535251
Train 2, loss: 2.492896, train acc: 0.520969, 
Test 2, loss: 2.173615, test acc: 0.620340,
Max Acc:0.620340
Train 3, loss: 2.303152, train acc: 0.598432, 
Test 3, loss: 2.053661, test acc: 0.683955,
Max Acc:0.683955
Train 4, loss: 2.178785, train acc: 0.641388, 
Test 4, loss: 1.979228, test acc: 0.724878,
Max Acc:0.724878
Train 5, loss: 2.098962, train acc: 0.676099, 
Test 5, loss: 1.898396, test acc: 0.755267,
Max Acc:0.755267
Train 6, loss: 2.032910, train acc: 0.706535, 
Test 6, loss: 1.838111, test acc: 0.799838,
Max Acc:0.799838
Train 7, loss: 1.989867, train acc: 0.723941, 
Test 7, loss: 1.830008, test acc: 0.780389,
Train 8, loss: 1.955204, train acc: 0.736767, 
Test 8, loss: 1.787033, test acc: 0.823744,
Max Acc:0.823744
Train 9, loss: 1.919845, train acc: 0.751934, 
Test 9, loss: 1.764352, test acc: 0.822123,
Train 10, loss: 1.900026, train acc: 0.760077, 
Test 10, loss: 1.790704, test acc: 0.818882,
Train 11, loss: 1.867035, train acc: 0.778603, 
Test 11, loss: 1.750041, test acc: 0.839546,
Max Acc:0.839546
Train 12, loss: 1.848936, train acc: 0.786950, 
Test 12, loss: 1.759593, test acc: 0.833468,
Train 13, loss: 1.847809, train acc: 0.783388, 
Test 13, loss: 1.698797, test acc: 0.845219,
Max Acc:0.845219
Train 14, loss: 1.815996, train acc: 0.802524, 
Test 14, loss: 1.741317, test acc: 0.823744,
Train 15, loss: 1.814454, train acc: 0.801201, 
Test 15, loss: 1.735375, test acc: 0.834684,
Train 16, loss: 1.796240, train acc: 0.805171, 
Test 16, loss: 1.709598, test acc: 0.852917,
Max Acc:0.852917
Train 17, loss: 1.784477, train acc: 0.810566, 
Test 17, loss: 1.724463, test acc: 0.835494,
Train 18, loss: 1.769470, train acc: 0.815350, 
Test 18, loss: 1.661256, test acc: 0.848865,
Train 19, loss: 1.770496, train acc: 0.820236, 
Test 19, loss: 1.717681, test acc: 0.835900,
Train 20, loss: 1.759258, train acc: 0.825122, 
Test 20, loss: 1.709577, test acc: 0.830632,
Train 21, loss: 1.766172, train acc: 0.822985, 
Test 21, loss: 1.698117, test acc: 0.853323,
Max Acc:0.853323
Train 22, loss: 1.735349, train acc: 0.832757, 
Test 22, loss: 1.700495, test acc: 0.848865,
Train 23, loss: 1.741745, train acc: 0.831433, 
Test 23, loss: 1.684990, test acc: 0.845219,
Train 24, loss: 1.731822, train acc: 0.838253, 
Test 24, loss: 1.676133, test acc: 0.861831,
Max Acc:0.861831
Train 25, loss: 1.725635, train acc: 0.842529, 
Test 25, loss: 1.657156, test acc: 0.862237,
Max Acc:0.862237
Train 26, loss: 1.722084, train acc: 0.839068, 
Test 26, loss: 1.702800, test acc: 0.853728,
Train 27, loss: 1.719899, train acc: 0.841002, 
Test 27, loss: 1.648800, test acc: 0.858995,
Train 28, loss: 1.703793, train acc: 0.847923, 
Test 28, loss: 1.705571, test acc: 0.856564,
Train 29, loss: 1.708538, train acc: 0.845888, 
Test 29, loss: 1.675867, test acc: 0.855348,
Train 30, loss: 1.703702, train acc: 0.850977, 
Test 30, loss: 1.660606, test acc: 0.856969,
Train 31, loss: 1.688062, train acc: 0.857695, 
Test 31, loss: 1.691641, test acc: 0.854538,
Train 32, loss: 1.690026, train acc: 0.855660, 
Test 32, loss: 1.670163, test acc: 0.853728,
Train 33, loss: 1.684444, train acc: 0.859222, 
Test 33, loss: 1.722289, test acc: 0.829011,
Train 34, loss: 1.690305, train acc: 0.855456, 
Test 34, loss: 1.640839, test acc: 0.869530,
Max Acc:0.869530
Train 35, loss: 1.678935, train acc: 0.859426, 
Test 35, loss: 1.654169, test acc: 0.860211,
Train 36, loss: 1.680931, train acc: 0.859222, 
Test 36, loss: 1.692219, test acc: 0.838736,
Train 37, loss: 1.676165, train acc: 0.859426, 
Test 37, loss: 1.616636, test acc: 0.861426,
Train 38, loss: 1.676125, train acc: 0.857390, 
Test 38, loss: 1.672147, test acc: 0.869125,
Train 39, loss: 1.667991, train acc: 0.865228, 
Test 39, loss: 1.655901, test acc: 0.865073,
Train 40, loss: 1.662608, train acc: 0.866348, 
Test 40, loss: 1.629071, test acc: 0.875203,
Max Acc:0.875203
Train 41, loss: 1.664648, train acc: 0.864719, 
Test 41, loss: 1.645571, test acc: 0.868720,
Train 42, loss: 1.657274, train acc: 0.867060, 
Test 42, loss: 1.626491, test acc: 0.863452,
Train 43, loss: 1.654277, train acc: 0.867366, 
Test 43, loss: 1.648675, test acc: 0.856159,
Train 44, loss: 1.653174, train acc: 0.871743, 
Test 44, loss: 1.673512, test acc: 0.858995,
Train 45, loss: 1.647733, train acc: 0.873677, 
Test 45, loss: 1.623914, test acc: 0.869530,
Train 46, loss: 1.649390, train acc: 0.870928, 
Test 46, loss: 1.621844, test acc: 0.876418,
Max Acc:0.876418
Train 47, loss: 1.650405, train acc: 0.869605, 
Test 47, loss: 1.634905, test acc: 0.866288,
Train 48, loss: 1.650484, train acc: 0.873473, 
Test 48, loss: 1.626351, test acc: 0.876823,
Max Acc:0.876823
Train 49, loss: 1.650225, train acc: 0.870216, 
Test 49, loss: 1.614457, test acc: 0.878444,
Max Acc:0.878444
Train 50, loss: 1.636875, train acc: 0.878257, 
Test 50, loss: 1.648918, test acc: 0.869125,
Train 51, loss: 1.641139, train acc: 0.876221, 
Test 51, loss: 1.628250, test acc: 0.860616,
Train 52, loss: 1.632112, train acc: 0.880700, 
Test 52, loss: 1.666575, test acc: 0.851702,
Train 53, loss: 1.637353, train acc: 0.878970, 
Test 53, loss: 1.650564, test acc: 0.851297,
Train 54, loss: 1.631748, train acc: 0.878868, 
Test 54, loss: 1.661950, test acc: 0.854133,
Train 55, loss: 1.633719, train acc: 0.878156, 
Test 55, loss: 1.651730, test acc: 0.865073,
Train 56, loss: 1.631999, train acc: 0.882940, 
Test 56, loss: 1.647780, test acc: 0.865883,
Train 57, loss: 1.632615, train acc: 0.879988, 
Test 57, loss: 1.627364, test acc: 0.876013,
Train 58, loss: 1.624421, train acc: 0.884976, 
Test 58, loss: 1.629463, test acc: 0.866288,
Train 59, loss: 1.616867, train acc: 0.884874, 
Test 59, loss: 1.624600, test acc: 0.873987,
Train 60, loss: 1.620857, train acc: 0.883958, 
Test 60, loss: 1.650809, test acc: 0.872771,
Train 61, loss: 1.625318, train acc: 0.883652, 
Test 61, loss: 1.636349, test acc: 0.863857,
Train 62, loss: 1.621402, train acc: 0.883958, 
Test 62, loss: 1.620539, test acc: 0.871961,
Train 63, loss: 1.618100, train acc: 0.887215, 
Test 63, loss: 1.629699, test acc: 0.865073,
Train 64, loss: 1.606387, train acc: 0.890371, 
Test 64, loss: 1.625695, test acc: 0.865883,
Train 65, loss: 1.614598, train acc: 0.887011, 
Test 65, loss: 1.641922, test acc: 0.863452,
Train 66, loss: 1.609477, train acc: 0.886604, 
Test 66, loss: 1.606696, test acc: 0.871151,
Train 67, loss: 1.611689, train acc: 0.890167, 
Test 67, loss: 1.622326, test acc: 0.868314,
Train 68, loss: 1.608688, train acc: 0.890574, 
Test 68, loss: 1.620081, test acc: 0.860211,
Train 69, loss: 1.603455, train acc: 0.893933, 
Test 69, loss: 1.634306, test acc: 0.876013,
Train 70, loss: 1.607057, train acc: 0.888131, 
Test 70, loss: 1.634272, test acc: 0.867909,
Train 71, loss: 1.605428, train acc: 0.891185, 
Test 71, loss: 1.685655, test acc: 0.860616,
Train 72, loss: 1.598109, train acc: 0.896071, 
Test 72, loss: 1.634765, test acc: 0.871151,
Train 73, loss: 1.599955, train acc: 0.896071, 
Test 73, loss: 1.633313, test acc: 0.861831,
Train 74, loss: 1.596467, train acc: 0.895257, 
Test 74, loss: 1.617215, test acc: 0.871556,
Train 75, loss: 1.592051, train acc: 0.898921, 
Test 75, loss: 1.657591, test acc: 0.854943,
Train 76, loss: 1.585979, train acc: 0.900143, 
Test 76, loss: 1.623372, test acc: 0.870746,
Train 77, loss: 1.592949, train acc: 0.898514, 
Test 77, loss: 1.592623, test acc: 0.877634,
Train 78, loss: 1.586846, train acc: 0.901262, 
Test 78, loss: 1.610205, test acc: 0.875203,
Train 79, loss: 1.582888, train acc: 0.900957, 
Test 79, loss: 1.653421, test acc: 0.857780,
Train 80, loss: 1.587277, train acc: 0.898717, 
Test 80, loss: 1.633665, test acc: 0.858995,
Train 81, loss: 1.587331, train acc: 0.899735, 
Test 81, loss: 1.637133, test acc: 0.875608,
Train 82, loss: 1.594389, train acc: 0.896478, 
Test 82, loss: 1.600889, test acc: 0.876823,
Train 83, loss: 1.575826, train acc: 0.906046, 
Test 83, loss: 1.620895, test acc: 0.863857,
Train 84, loss: 1.584275, train acc: 0.902280, 
Test 84, loss: 1.622153, test acc: 0.878849,
Max Acc:0.878849
Train 85, loss: 1.583057, train acc: 0.902280, 
Test 85, loss: 1.625917, test acc: 0.875608,
Train 86, loss: 1.571403, train acc: 0.905843, 
Test 86, loss: 1.622327, test acc: 0.870340,
Train 87, loss: 1.581032, train acc: 0.902993, 
Test 87, loss: 1.607553, test acc: 0.865478,
Train 88, loss: 1.579619, train acc: 0.903807, 
Test 88, loss: 1.633080, test acc: 0.863047,
Train 89, loss: 1.579675, train acc: 0.901669, 
Test 89, loss: 1.596127, test acc: 0.876013,
Train 90, loss: 1.566843, train acc: 0.903807, 
Test 90, loss: 1.610424, test acc: 0.872771,
Train 91, loss: 1.576438, train acc: 0.906454, 
Test 91, loss: 1.610651, test acc: 0.872366,
Train 92, loss: 1.581585, train acc: 0.902891, 
Test 92, loss: 1.610539, test acc: 0.881686,
Max Acc:0.881686
Train 93, loss: 1.577452, train acc: 0.901771, 
Test 93, loss: 1.593000, test acc: 0.879660,
Train 94, loss: 1.571672, train acc: 0.904520, 
Test 94, loss: 1.612674, test acc: 0.863857,
Train 95, loss: 1.569652, train acc: 0.905843, 
Test 95, loss: 1.606754, test acc: 0.872366,
Train 96, loss: 1.568329, train acc: 0.909202, 
Test 96, loss: 1.615375, test acc: 0.878039,
Train 97, loss: 1.566056, train acc: 0.908998, 
Test 97, loss: 1.602267, test acc: 0.876418,
Train 98, loss: 1.564157, train acc: 0.911950, 
Test 98, loss: 1.594143, test acc: 0.880065,
Train 99, loss: 1.563465, train acc: 0.911543, 
Test 99, loss: 1.588824, test acc: 0.877634,
Train 100, loss: 1.562953, train acc: 0.908693, 
Test 100, loss: 1.597219, test acc: 0.886548,
Max Acc:0.886548
Train 101, loss: 1.557270, train acc: 0.912154, 
Test 101, loss: 1.603968, test acc: 0.872366,
Train 102, loss: 1.554768, train acc: 0.916429, 
Test 102, loss: 1.612383, test acc: 0.870746,
Train 103, loss: 1.559430, train acc: 0.913375, 
Test 103, loss: 1.624642, test acc: 0.862237,
Train 104, loss: 1.555644, train acc: 0.917040, 
Test 104, loss: 1.598772, test acc: 0.884927,
Train 105, loss: 1.551650, train acc: 0.917040, 
Test 105, loss: 1.592970, test acc: 0.871961,
Train 106, loss: 1.558675, train acc: 0.913986, 
Test 106, loss: 1.586581, test acc: 0.880470,
Train 107, loss: 1.552604, train acc: 0.914699, 
Test 107, loss: 1.616651, test acc: 0.869125,
Train 108, loss: 1.543105, train acc: 0.922638, 
Test 108, loss: 1.609402, test acc: 0.879254,
Train 109, loss: 1.545473, train acc: 0.920908, 
Test 109, loss: 1.605170, test acc: 0.877634,
Train 110, loss: 1.552583, train acc: 0.917752, 
Test 110, loss: 1.643965, test acc: 0.857374,
Train 111, loss: 1.546874, train acc: 0.917243, 
Test 111, loss: 1.586299, test acc: 0.880875,
Train 112, loss: 1.551228, train acc: 0.913884, 
Test 112, loss: 1.589378, test acc: 0.873177,
Train 113, loss: 1.548474, train acc: 0.918872, 
Test 113, loss: 1.619897, test acc: 0.863047,
Train 114, loss: 1.548023, train acc: 0.914597, 
Test 114, loss: 1.595343, test acc: 0.874392,
Train 115, loss: 1.541627, train acc: 0.919279, 
Test 115, loss: 1.625370, test acc: 0.864263,
Train 116, loss: 1.540547, train acc: 0.921315, 
Test 116, loss: 1.583391, test acc: 0.882091,
Train 117, loss: 1.537917, train acc: 0.919890, 
Test 117, loss: 1.597406, test acc: 0.872771,
Train 118, loss: 1.536166, train acc: 0.923860, 
Test 118, loss: 1.592657, test acc: 0.883712,
Train 119, loss: 1.540629, train acc: 0.921621, 
Test 119, loss: 1.589289, test acc: 0.880875,
Train 120, loss: 1.540174, train acc: 0.919483, 
Test 120, loss: 1.595665, test acc: 0.875608,
Train 121, loss: 1.533380, train acc: 0.925183, 
Test 121, loss: 1.662051, test acc: 0.852917,
Train 122, loss: 1.528551, train acc: 0.924980, 
Test 122, loss: 1.609564, test acc: 0.883306,
Train 123, loss: 1.528862, train acc: 0.924165, 
Test 123, loss: 1.596436, test acc: 0.874392,
Train 124, loss: 1.533620, train acc: 0.923351, 
Test 124, loss: 1.609136, test acc: 0.888169,
Max Acc:0.888169
Train 125, loss: 1.533930, train acc: 0.923147, 
Test 125, loss: 1.606775, test acc: 0.879660,
Train 126, loss: 1.527824, train acc: 0.923555, 
Test 126, loss: 1.588752, test acc: 0.872771,
Train 127, loss: 1.531165, train acc: 0.923758, 
Test 127, loss: 1.605598, test acc: 0.863857,
Train 128, loss: 1.521769, train acc: 0.929255, 
Test 128, loss: 1.627118, test acc: 0.873582,
Train 129, loss: 1.515649, train acc: 0.933937, 
Test 129, loss: 1.607742, test acc: 0.872366,
Train 130, loss: 1.519463, train acc: 0.927626, 
Test 130, loss: 1.608056, test acc: 0.870746,
Train 131, loss: 1.518812, train acc: 0.931494, 
Test 131, loss: 1.572656, test acc: 0.884927,
Train 132, loss: 1.522758, train acc: 0.927321, 
Test 132, loss: 1.611485, test acc: 0.877634,
Train 133, loss: 1.518652, train acc: 0.932614, 
Test 133, loss: 1.584366, test acc: 0.887358,
Train 134, loss: 1.516917, train acc: 0.932614, 
Test 134, loss: 1.600332, test acc: 0.874797,
Train 135, loss: 1.515542, train acc: 0.934344, 
Test 135, loss: 1.603984, test acc: 0.878039,
Train 136, loss: 1.512868, train acc: 0.933428, 
Test 136, loss: 1.604267, test acc: 0.880065,
Train 137, loss: 1.513102, train acc: 0.934752, 
Test 137, loss: 1.596882, test acc: 0.871151,
Train 138, loss: 1.517314, train acc: 0.931087, 
Test 138, loss: 1.590547, test acc: 0.876823,
Train 139, loss: 1.519581, train acc: 0.930578, 
Test 139, loss: 1.605178, test acc: 0.878039,
Train 140, loss: 1.506374, train acc: 0.936380, 
Test 140, loss: 1.623505, test acc: 0.869530,
Train 141, loss: 1.514206, train acc: 0.933734, 
Test 141, loss: 1.625685, test acc: 0.868720,
Train 142, loss: 1.505311, train acc: 0.938518, 
Test 142, loss: 1.599165, test acc: 0.873987,
Train 143, loss: 1.506190, train acc: 0.938518, 
Test 143, loss: 1.602615, test acc: 0.876418,
Train 144, loss: 1.506074, train acc: 0.937296, 
Test 144, loss: 1.585019, test acc: 0.880065,
Train 145, loss: 1.506054, train acc: 0.936686, 
Test 145, loss: 1.588523, test acc: 0.875608,
Train 146, loss: 1.501624, train acc: 0.938518, 
Test 146, loss: 1.584480, test acc: 0.880065,
Train 147, loss: 1.500446, train acc: 0.940859, 
Test 147, loss: 1.594456, test acc: 0.877229,
Train 148, loss: 1.499776, train acc: 0.938721, 
Test 148, loss: 1.602985, test acc: 0.871151,
Train 149, loss: 1.499089, train acc: 0.941673, 
Test 149, loss: 1.607571, test acc: 0.881686,
Train 150, loss: 1.500004, train acc: 0.939638, 
Test 150, loss: 1.608188, test acc: 0.872366,
Train 151, loss: 1.494263, train acc: 0.942895, 
Test 151, loss: 1.596559, test acc: 0.873582,
Train 152, loss: 1.493290, train acc: 0.943811, 
Test 152, loss: 1.607474, test acc: 0.873177,
Train 153, loss: 1.488629, train acc: 0.943607, 
Test 153, loss: 1.609299, test acc: 0.883306,
Train 154, loss: 1.492080, train acc: 0.943709, 
Test 154, loss: 1.600586, test acc: 0.879254,
Train 155, loss: 1.490634, train acc: 0.945542, 
Test 155, loss: 1.596721, test acc: 0.876418,
Train 156, loss: 1.485232, train acc: 0.945643, 
Test 156, loss: 1.597962, test acc: 0.879254,
Train 157, loss: 1.489612, train acc: 0.945033, 
Test 157, loss: 1.600314, test acc: 0.869125,
Train 158, loss: 1.483615, train acc: 0.949613, 
Test 158, loss: 1.588135, test acc: 0.891815,
Max Acc:0.891815
Train 159, loss: 1.482460, train acc: 0.946050, 
Test 159, loss: 1.624642, test acc: 0.872771,
Train 160, loss: 1.477823, train acc: 0.951344, 
Test 160, loss: 1.617125, test acc: 0.864668,
Train 161, loss: 1.481448, train acc: 0.948493, 
Test 161, loss: 1.583870, test acc: 0.891815,
Max Acc:0.891815
Train 162, loss: 1.478668, train acc: 0.947374, 
Test 162, loss: 1.577633, test acc: 0.882496,
Train 163, loss: 1.486506, train acc: 0.946050, 
Test 163, loss: 1.624836, test acc: 0.866694,
Train 164, loss: 1.472113, train acc: 0.953888, 
Test 164, loss: 1.591941, test acc: 0.882496,
Train 165, loss: 1.479897, train acc: 0.948493, 
Test 165, loss: 1.564551, test acc: 0.894652,
Max Acc:0.894652
Train 166, loss: 1.478380, train acc: 0.950936, 
Test 166, loss: 1.579274, test acc: 0.884927,
Train 167, loss: 1.479358, train acc: 0.946763, 
Test 167, loss: 1.590710, test acc: 0.882496,
Train 168, loss: 1.473419, train acc: 0.948697, 
Test 168, loss: 1.593915, test acc: 0.884117,
Train 169, loss: 1.472077, train acc: 0.950631, 
Test 169, loss: 1.576810, test acc: 0.886143,
Train 170, loss: 1.472215, train acc: 0.952972, 
Test 170, loss: 1.591672, test acc: 0.876418,
Train 171, loss: 1.469216, train acc: 0.952769, 
Test 171, loss: 1.597656, test acc: 0.878444,
Train 172, loss: 1.470266, train acc: 0.951547, 
Test 172, loss: 1.592302, test acc: 0.880065,
Train 173, loss: 1.468584, train acc: 0.953278, 
Test 173, loss: 1.587123, test acc: 0.873582,
Train 174, loss: 1.467912, train acc: 0.955924, 
Test 174, loss: 1.606550, test acc: 0.873582,
Train 175, loss: 1.461991, train acc: 0.952972, 
Test 175, loss: 1.593831, test acc: 0.874392,
Train 176, loss: 1.467389, train acc: 0.955008, 
Test 176, loss: 1.594357, test acc: 0.873582,
Train 177, loss: 1.456733, train acc: 0.960708, 
Test 177, loss: 1.592608, test acc: 0.881280,
Train 178, loss: 1.461545, train acc: 0.956331, 
Test 178, loss: 1.555388, test acc: 0.895462,
Max Acc:0.895462
Train 179, loss: 1.453192, train acc: 0.960301, 
Test 179, loss: 1.577839, test acc: 0.894246,
Train 180, loss: 1.457904, train acc: 0.956331, 
Test 180, loss: 1.587237, test acc: 0.877634,
Train 181, loss: 1.458528, train acc: 0.957655, 
Test 181, loss: 1.585058, test acc: 0.879254,
Train 182, loss: 1.456933, train acc: 0.957451, 
Test 182, loss: 1.583917, test acc: 0.893031,
Train 183, loss: 1.459442, train acc: 0.956331, 
Test 183, loss: 1.562532, test acc: 0.891410,
Train 184, loss: 1.456885, train acc: 0.957858, 
Test 184, loss: 1.575862, test acc: 0.888979,
Train 185, loss: 1.451578, train acc: 0.959691, 
Test 185, loss: 1.588518, test acc: 0.876418,
Train 186, loss: 1.444942, train acc: 0.964780, 
Test 186, loss: 1.593461, test acc: 0.883712,
Train 187, loss: 1.452977, train acc: 0.959589, 
Test 187, loss: 1.617644, test acc: 0.855348,
Train 188, loss: 1.448434, train acc: 0.962948, 
Test 188, loss: 1.569987, test acc: 0.892626,
Train 189, loss: 1.447744, train acc: 0.962846, 
Test 189, loss: 1.568339, test acc: 0.884117,
Train 190, loss: 1.443821, train acc: 0.965187, 
Test 190, loss: 1.564377, test acc: 0.886143,
Train 191, loss: 1.445269, train acc: 0.961828, 
Test 191, loss: 1.584713, test acc: 0.874797,
Train 192, loss: 1.438277, train acc: 0.966714, 
Test 192, loss: 1.597157, test acc: 0.882496,
Train 193, loss: 1.435976, train acc: 0.967630, 
Test 193, loss: 1.589777, test acc: 0.876013,
Train 194, loss: 1.444371, train acc: 0.964271, 
Test 194, loss: 1.588016, test acc: 0.883712,
Train 195, loss: 1.436605, train acc: 0.966918, 
Test 195, loss: 1.586972, test acc: 0.878444,
Train 196, loss: 1.436277, train acc: 0.968445, 
Test 196, loss: 1.602165, test acc: 0.878849,
Train 197, loss: 1.432902, train acc: 0.969361, 
Test 197, loss: 1.588707, test acc: 0.879660,
Train 198, loss: 1.437581, train acc: 0.966205, 
Test 198, loss: 1.575797, test acc: 0.888979,
Train 199, loss: 1.435268, train acc: 0.967529, 
Test 199, loss: 1.578774, test acc: 0.884522,
Train 200, loss: 1.434124, train acc: 0.966714, 
Test 200, loss: 1.582395, test acc: 0.880065,
Train 201, loss: 1.432756, train acc: 0.968343, 
Test 201, loss: 1.587915, test acc: 0.886143,
Train 202, loss: 1.432096, train acc: 0.968546, 
Test 202, loss: 1.575995, test acc: 0.881280,
Train 203, loss: 1.432269, train acc: 0.970786, 
Test 203, loss: 1.583771, test acc: 0.880875,
Train 204, loss: 1.425702, train acc: 0.972109, 
Test 204, loss: 1.586419, test acc: 0.872771,
Train 205, loss: 1.424902, train acc: 0.973636, 
Test 205, loss: 1.586958, test acc: 0.879660,
Train 206, loss: 1.435683, train acc: 0.966816, 
Test 206, loss: 1.577533, test acc: 0.882091,
Train 207, loss: 1.429547, train acc: 0.971295, 
Test 207, loss: 1.578428, test acc: 0.884927,
Train 208, loss: 1.424364, train acc: 0.971091, 
Test 208, loss: 1.575876, test acc: 0.883306,
Train 209, loss: 1.421745, train acc: 0.972822, 
Test 209, loss: 1.574224, test acc: 0.880470,
Train 210, loss: 1.421394, train acc: 0.973025, 
Test 210, loss: 1.570350, test acc: 0.888574,
Train 211, loss: 1.422866, train acc: 0.970786, 
Test 211, loss: 1.583299, test acc: 0.878039,
Train 212, loss: 1.422562, train acc: 0.973738, 
Test 212, loss: 1.567010, test acc: 0.883306,
Train 213, loss: 1.416261, train acc: 0.974450, 
Test 213, loss: 1.585080, test acc: 0.874797,
Train 214, loss: 1.418564, train acc: 0.976283, 
Test 214, loss: 1.574767, test acc: 0.889384,
Train 215, loss: 1.414537, train acc: 0.974959, 
Test 215, loss: 1.560903, test acc: 0.891410,
Train 216, loss: 1.413980, train acc: 0.975061, 
Test 216, loss: 1.568233, test acc: 0.885332,
Train 217, loss: 1.413450, train acc: 0.975265, 
Test 217, loss: 1.574463, test acc: 0.890600,
Train 218, loss: 1.415656, train acc: 0.974959, 
Test 218, loss: 1.566493, test acc: 0.897083,
Max Acc:0.897083
Train 219, loss: 1.413289, train acc: 0.974654, 
Test 219, loss: 1.549541, test acc: 0.900324,
Max Acc:0.900324
Train 220, loss: 1.408388, train acc: 0.975977, 
Test 220, loss: 1.564509, test acc: 0.884927,
Train 221, loss: 1.407198, train acc: 0.980151, 
Test 221, loss: 1.554110, test acc: 0.890194,
Train 222, loss: 1.413180, train acc: 0.977504, 
Test 222, loss: 1.566926, test acc: 0.882091,
Train 223, loss: 1.405797, train acc: 0.979235, 
Test 223, loss: 1.554863, test acc: 0.889384,
Train 224, loss: 1.407652, train acc: 0.976792, 
Test 224, loss: 1.553001, test acc: 0.886548,
Train 225, loss: 1.406180, train acc: 0.979133, 
Test 225, loss: 1.556138, test acc: 0.886143,
Train 226, loss: 1.405108, train acc: 0.978624, 
Test 226, loss: 1.566276, test acc: 0.890194,
Train 227, loss: 1.406563, train acc: 0.977809, 
Test 227, loss: 1.565998, test acc: 0.878039,
Train 228, loss: 1.400457, train acc: 0.980660, 
Test 228, loss: 1.564309, test acc: 0.882496,
Train 229, loss: 1.397691, train acc: 0.981270, 
Test 229, loss: 1.568611, test acc: 0.886548,
Train 230, loss: 1.397021, train acc: 0.981983, 
Test 230, loss: 1.559525, test acc: 0.889384,
Train 231, loss: 1.400334, train acc: 0.981067, 
Test 231, loss: 1.564520, test acc: 0.888169,
Train 232, loss: 1.393959, train acc: 0.983917, 
Test 232, loss: 1.541492, test acc: 0.892220,
Train 233, loss: 1.392238, train acc: 0.984121, 
Test 233, loss: 1.566501, test acc: 0.888979,
Train 234, loss: 1.389342, train acc: 0.984324, 
Test 234, loss: 1.557624, test acc: 0.896677,
Train 235, loss: 1.392558, train acc: 0.982492, 
Test 235, loss: 1.564399, test acc: 0.888169,
Train 236, loss: 1.388779, train acc: 0.986258, 
Test 236, loss: 1.550855, test acc: 0.888169,
Train 237, loss: 1.386496, train acc: 0.985138, 
Test 237, loss: 1.551465, test acc: 0.886143,
Train 238, loss: 1.390587, train acc: 0.983408, 
Test 238, loss: 1.554198, test acc: 0.884927,
Train 239, loss: 1.388969, train acc: 0.984426, 
Test 239, loss: 1.553150, test acc: 0.893031,
Train 240, loss: 1.392943, train acc: 0.981576, 
Test 240, loss: 1.558592, test acc: 0.885332,
Train 241, loss: 1.386859, train acc: 0.985546, 
Test 241, loss: 1.562277, test acc: 0.886143,
Train 242, loss: 1.384483, train acc: 0.985953, 
Test 242, loss: 1.553125, test acc: 0.889384,
Train 243, loss: 1.381038, train acc: 0.987174, 
Test 243, loss: 1.551669, test acc: 0.891815,
Train 244, loss: 1.387338, train acc: 0.984528, 
Test 244, loss: 1.557259, test acc: 0.884522,
Train 245, loss: 1.381131, train acc: 0.986360, 
Test 245, loss: 1.551379, test acc: 0.895057,
Train 246, loss: 1.380398, train acc: 0.986971, 
Test 246, loss: 1.553371, test acc: 0.891410,
Train 247, loss: 1.380606, train acc: 0.986665, 
Test 247, loss: 1.561035, test acc: 0.885737,
Train 248, loss: 1.378261, train acc: 0.986767, 
Test 248, loss: 1.561186, test acc: 0.884927,
Train 249, loss: 1.378106, train acc: 0.988905, 
Test 249, loss: 1.552983, test acc: 0.885332,
Train 250, loss: 1.380698, train acc: 0.988192, 
Test 250, loss: 1.558464, test acc: 0.887358,
Train 251, loss: 1.376408, train acc: 0.988701, 
Test 251, loss: 1.554693, test acc: 0.886953,
Train 252, loss: 1.371056, train acc: 0.990330, 
Test 252, loss: 1.556477, test acc: 0.885737,
Train 253, loss: 1.375877, train acc: 0.987887, 
Test 253, loss: 1.547779, test acc: 0.886143,
Train 254, loss: 1.371446, train acc: 0.991348, 
Test 254, loss: 1.547491, test acc: 0.888574,
Train 255, loss: 1.368681, train acc: 0.989821, 
Test 255, loss: 1.549505, test acc: 0.886548,
Train 256, loss: 1.370353, train acc: 0.990941, 
Test 256, loss: 1.554566, test acc: 0.889384,
Train 257, loss: 1.373954, train acc: 0.989007, 
Test 257, loss: 1.547083, test acc: 0.891410,
Train 258, loss: 1.369572, train acc: 0.990737, 
Test 258, loss: 1.555100, test acc: 0.892626,
Train 259, loss: 1.369667, train acc: 0.989821, 
Test 259, loss: 1.559671, test acc: 0.888979,
Train 260, loss: 1.368277, train acc: 0.989312, 
Test 260, loss: 1.548264, test acc: 0.892626,
Train 261, loss: 1.369094, train acc: 0.990941, 
Test 261, loss: 1.552698, test acc: 0.893841,
Train 262, loss: 1.368466, train acc: 0.991348, 
Test 262, loss: 1.559947, test acc: 0.886953,
Train 263, loss: 1.367547, train acc: 0.990635, 
Test 263, loss: 1.551082, test acc: 0.891410,
Train 264, loss: 1.361431, train acc: 0.991144, 
Test 264, loss: 1.548951, test acc: 0.884522,
Train 265, loss: 1.364632, train acc: 0.991450, 
Test 265, loss: 1.550129, test acc: 0.889789,
Train 266, loss: 1.360780, train acc: 0.993282, 
Test 266, loss: 1.545631, test acc: 0.889384,
Train 267, loss: 1.361555, train acc: 0.993282, 
Test 267, loss: 1.543527, test acc: 0.887358,
Train 268, loss: 1.361899, train acc: 0.992060, 
Test 268, loss: 1.553416, test acc: 0.891410,
Train 269, loss: 1.362580, train acc: 0.991755, 
Test 269, loss: 1.553362, test acc: 0.886143,
Train 270, loss: 1.362446, train acc: 0.991653, 
Test 270, loss: 1.544172, test acc: 0.891005,
Train 271, loss: 1.358997, train acc: 0.992773, 
Test 271, loss: 1.548496, test acc: 0.891005,
Train 272, loss: 1.358025, train acc: 0.993587, 
Test 272, loss: 1.544991, test acc: 0.893031,
Train 273, loss: 1.357820, train acc: 0.993587, 
Test 273, loss: 1.548124, test acc: 0.892220,
Train 274, loss: 1.356943, train acc: 0.991958, 
Test 274, loss: 1.548897, test acc: 0.893031,
Train 275, loss: 1.356285, train acc: 0.993078, 
Test 275, loss: 1.551006, test acc: 0.887763,
Train 276, loss: 1.355267, train acc: 0.994198, 
Test 276, loss: 1.548903, test acc: 0.889789,
Train 277, loss: 1.353281, train acc: 0.995216, 
Test 277, loss: 1.548858, test acc: 0.888979,
Train 278, loss: 1.354591, train acc: 0.993485, 
Test 278, loss: 1.553176, test acc: 0.890194,
Train 279, loss: 1.354481, train acc: 0.994300, 
Test 279, loss: 1.546451, test acc: 0.886143,
Train 280, loss: 1.356695, train acc: 0.992773, 
Test 280, loss: 1.547489, test acc: 0.890600,
Train 281, loss: 1.352710, train acc: 0.994096, 
Test 281, loss: 1.548989, test acc: 0.893031,
Train 282, loss: 1.351461, train acc: 0.994910, 
Test 282, loss: 1.544209, test acc: 0.889384,
Train 283, loss: 1.351173, train acc: 0.994809, 
Test 283, loss: 1.544052, test acc: 0.893436,
Train 284, loss: 1.349438, train acc: 0.995216, 
Test 284, loss: 1.551397, test acc: 0.888979,
Train 285, loss: 1.352039, train acc: 0.995521, 
Test 285, loss: 1.547970, test acc: 0.887763,
Train 286, loss: 1.348775, train acc: 0.995419, 
Test 286, loss: 1.538781, test acc: 0.890600,
Train 287, loss: 1.351350, train acc: 0.994503, 
Test 287, loss: 1.538189, test acc: 0.892220,
Train 288, loss: 1.344797, train acc: 0.996946, 
Test 288, loss: 1.546327, test acc: 0.895867,
Train 289, loss: 1.347997, train acc: 0.995419, 
Test 289, loss: 1.536923, test acc: 0.895867,
Train 290, loss: 1.346402, train acc: 0.995318, 
Test 290, loss: 1.543081, test acc: 0.890194,
Train 291, loss: 1.345146, train acc: 0.995827, 
Test 291, loss: 1.538281, test acc: 0.895462,
Train 292, loss: 1.345242, train acc: 0.995318, 
Test 292, loss: 1.545226, test acc: 0.886953,
Train 293, loss: 1.346155, train acc: 0.996030, 
Test 293, loss: 1.539449, test acc: 0.893031,
Train 294, loss: 1.343644, train acc: 0.996437, 
Test 294, loss: 1.545633, test acc: 0.888574,
Train 295, loss: 1.345447, train acc: 0.994401, 
Test 295, loss: 1.544859, test acc: 0.893436,
Train 296, loss: 1.344790, train acc: 0.995521, 
Test 296, loss: 1.545096, test acc: 0.890194,
Train 297, loss: 1.344055, train acc: 0.996437, 
Test 297, loss: 1.539478, test acc: 0.893436,
Train 298, loss: 1.341973, train acc: 0.995521, 
Test 298, loss: 1.535742, test acc: 0.895057,
Train 299, loss: 1.341870, train acc: 0.996336, 
Test 299, loss: 1.535557, test acc: 0.895867,
Train 300, loss: 1.340851, train acc: 0.996539, 
Test 300, loss: 1.534751, test acc: 0.893436,
Train 301, loss: 1.341935, train acc: 0.997659, 
Test 301, loss: 1.542010, test acc: 0.890194,
Train 302, loss: 1.343313, train acc: 0.995521, 
Test 302, loss: 1.542093, test acc: 0.890194,
Train 303, loss: 1.341576, train acc: 0.995114, 
Test 303, loss: 1.546173, test acc: 0.891005,
Train 304, loss: 1.339846, train acc: 0.996641, 
Test 304, loss: 1.537708, test acc: 0.891410,
Train 305, loss: 1.339347, train acc: 0.997048, 
Test 305, loss: 1.539949, test acc: 0.892626,
Train 306, loss: 1.338464, train acc: 0.995827, 
Test 306, loss: 1.542416, test acc: 0.891005,
Train 307, loss: 1.339087, train acc: 0.995623, 
Test 307, loss: 1.536347, test acc: 0.896677,
Train 308, loss: 1.338731, train acc: 0.996946, 
Test 308, loss: 1.538992, test acc: 0.892626,
Train 309, loss: 1.339244, train acc: 0.996641, 
Test 309, loss: 1.537695, test acc: 0.891410,
Train 310, loss: 1.336211, train acc: 0.997761, 
Test 310, loss: 1.536059, test acc: 0.897488,
Train 311, loss: 1.339309, train acc: 0.996132, 
Test 311, loss: 1.538081, test acc: 0.891410,
Train 312, loss: 1.338055, train acc: 0.995725, 
Test 312, loss: 1.546238, test acc: 0.890600,
Train 313, loss: 1.337170, train acc: 0.997150, 
Test 313, loss: 1.542671, test acc: 0.891410,
Train 314, loss: 1.337346, train acc: 0.996743, 
Test 314, loss: 1.543087, test acc: 0.889384,
Train 315, loss: 1.336250, train acc: 0.996336, 
Test 315, loss: 1.543590, test acc: 0.889789,
Train 316, loss: 1.338135, train acc: 0.996844, 
Test 316, loss: 1.534548, test acc: 0.896677,
Train 317, loss: 1.335544, train acc: 0.997150, 
Test 317, loss: 1.536182, test acc: 0.896272,
Train 318, loss: 1.336275, train acc: 0.996946, 
Test 318, loss: 1.540179, test acc: 0.891410,
Train 319, loss: 1.335854, train acc: 0.997455, 
Test 319, loss: 1.537719, test acc: 0.893031,
Train 320, loss: 1.335382, train acc: 0.997964, 
Test 320, loss: 1.535672, test acc: 0.897083,
Train 321, loss: 1.334745, train acc: 0.998168, 
Test 321, loss: 1.536753, test acc: 0.893436,
Train 322, loss: 1.337209, train acc: 0.997252, 
Test 322, loss: 1.538406, test acc: 0.893436,
Train 323, loss: 1.334945, train acc: 0.996946, 
Test 323, loss: 1.536824, test acc: 0.891410,
Train 324, loss: 1.334562, train acc: 0.997557, 
Test 324, loss: 1.535168, test acc: 0.895462,
Train 325, loss: 1.333787, train acc: 0.997659, 
Test 325, loss: 1.535064, test acc: 0.893436,
Train 326, loss: 1.334698, train acc: 0.997557, 
Test 326, loss: 1.534883, test acc: 0.895057,
Train 327, loss: 1.331600, train acc: 0.997761, 
Test 327, loss: 1.533228, test acc: 0.897083,
Train 328, loss: 1.335035, train acc: 0.996743, 
Test 328, loss: 1.537105, test acc: 0.888169,
Train 329, loss: 1.334841, train acc: 0.997659, 
Test 329, loss: 1.538287, test acc: 0.893436,
Train 330, loss: 1.334450, train acc: 0.997761, 
Test 330, loss: 1.537982, test acc: 0.891410,
Train 331, loss: 1.332551, train acc: 0.998371, 
Test 331, loss: 1.535437, test acc: 0.895867,
Train 332, loss: 1.332477, train acc: 0.997048, 
Test 332, loss: 1.536503, test acc: 0.894246,
Train 333, loss: 1.333462, train acc: 0.997455, 
Test 333, loss: 1.535604, test acc: 0.891815,
Train 334, loss: 1.334861, train acc: 0.997150, 
Test 334, loss: 1.538035, test acc: 0.892626,
Train 335, loss: 1.333524, train acc: 0.997862, 
Test 335, loss: 1.536674, test acc: 0.891815,
Train 336, loss: 1.333766, train acc: 0.997048, 
Test 336, loss: 1.539959, test acc: 0.893436,
Train 337, loss: 1.332962, train acc: 0.998168, 
Test 337, loss: 1.539254, test acc: 0.889789,
Train 338, loss: 1.333416, train acc: 0.997252, 
Test 338, loss: 1.538107, test acc: 0.891410,
Train 339, loss: 1.332444, train acc: 0.998473, 
Test 339, loss: 1.536032, test acc: 0.892626,
Train 340, loss: 1.332573, train acc: 0.998066, 
Test 340, loss: 1.538682, test acc: 0.891815,
Train 341, loss: 1.330948, train acc: 0.997964, 
Test 341, loss: 1.537110, test acc: 0.891410,
Train 342, loss: 1.333493, train acc: 0.997964, 
Test 342, loss: 1.531964, test acc: 0.891815,
Train 343, loss: 1.331027, train acc: 0.997557, 
Test 343, loss: 1.537708, test acc: 0.890600,
Train 344, loss: 1.332992, train acc: 0.996743, 
Test 344, loss: 1.535571, test acc: 0.892626,
Train 345, loss: 1.333177, train acc: 0.997455, 
Test 345, loss: 1.534587, test acc: 0.895057,
Train 346, loss: 1.332017, train acc: 0.996844, 
Test 346, loss: 1.537604, test acc: 0.895057,
Train 347, loss: 1.332161, train acc: 0.997455, 
Test 347, loss: 1.536035, test acc: 0.891410,
Train 348, loss: 1.332499, train acc: 0.997252, 
Test 348, loss: 1.536102, test acc: 0.892626,
Train 349, loss: 1.333517, train acc: 0.996844, 
Test 349, loss: 1.536058, test acc: 0.892626,
